0 info it worked if it ends with ok
1 verbose cli [ '/usr/local/nvm/versions/node/v0.12.7/bin/node',
1 verbose cli   '/usr/local/nvm/versions/node/v0.12.7/bin/npm',
1 verbose cli   'install',
1 verbose cli   'bower_installer' ]
2 info using npm@2.11.3
3 info using node@v0.12.7
4 verbose install initial load of /home/rakshakhegde/webdev/webtest/package.json
5 verbose installManyTop reading scoped package data from /home/rakshakhegde/webdev/webtest/node_modules/bower/package.json
6 verbose readDependencies loading dependencies from /home/rakshakhegde/webdev/webtest/package.json
7 silly cache add args [ 'bower_installer', null ]
8 verbose cache add spec bower_installer
9 silly cache add parsed spec { raw: 'bower_installer',
9 silly cache add   scope: null,
9 silly cache add   name: 'bower_installer',
9 silly cache add   rawSpec: '',
9 silly cache add   spec: '*',
9 silly cache add   type: 'range' }
10 silly addNamed bower_installer@*
11 verbose addNamed "*" is a valid semver range for bower_installer
12 silly addNameRange { name: 'bower_installer', range: '*', hasData: false }
13 silly mapToRegistry name bower_installer
14 silly mapToRegistry using default registry
15 silly mapToRegistry registry https://registry.npmjs.org/
16 silly mapToRegistry uri https://registry.npmjs.org/bower_installer
17 verbose addNameRange registry:https://registry.npmjs.org/bower_installer not in flight; fetching
18 verbose request uri https://registry.npmjs.org/bower_installer
19 verbose request no auth needed
20 info attempt registry request try #1 at 6:04:47 PM
21 verbose request id aec74d24e7f6b502
22 http request GET https://registry.npmjs.org/bower_installer
23 http 404 https://registry.npmjs.org/bower_installer
24 verbose headers { 'content-type': 'application/json',
24 verbose headers   'cache-control': 'max-age=0',
24 verbose headers   'content-length': '2',
24 verbose headers   'accept-ranges': 'bytes',
24 verbose headers   date: 'Wed, 16 Mar 2016 12:34:48 GMT',
24 verbose headers   via: '1.1 varnish',
24 verbose headers   age: '0',
24 verbose headers   connection: 'keep-alive',
24 verbose headers   'x-served-by': 'cache-hkg6820-HKG',
24 verbose headers   'x-cache': 'MISS',
24 verbose headers   'x-cache-hits': '0',
24 verbose headers   'x-timer': 'S1458131688.024912,VS0,VE769' }
25 silly get cb [ 404,
25 silly get   { 'content-type': 'application/json',
25 silly get     'cache-control': 'max-age=0',
25 silly get     'content-length': '2',
25 silly get     'accept-ranges': 'bytes',
25 silly get     date: 'Wed, 16 Mar 2016 12:34:48 GMT',
25 silly get     via: '1.1 varnish',
25 silly get     age: '0',
25 silly get     connection: 'keep-alive',
25 silly get     'x-served-by': 'cache-hkg6820-HKG',
25 silly get     'x-cache': 'MISS',
25 silly get     'x-cache-hits': '0',
25 silly get     'x-timer': 'S1458131688.024912,VS0,VE769' } ]
26 verbose stack Error: Registry returned 404 for GET on https://registry.npmjs.org/bower_installer
26 verbose stack     at CachingRegistryClient.<anonymous> (/usr/local/nvm/versions/node/v0.12.7/lib/node_modules/npm/node_modules/npm-registry-client/lib/request.js:239:14)
26 verbose stack     at Request._callback (/usr/local/nvm/versions/node/v0.12.7/lib/node_modules/npm/node_modules/npm-registry-client/lib/request.js:170:14)
26 verbose stack     at Request.self.callback (/usr/local/nvm/versions/node/v0.12.7/lib/node_modules/npm/node_modules/request/request.js:354:22)
26 verbose stack     at Request.emit (events.js:110:17)
26 verbose stack     at Request.<anonymous> (/usr/local/nvm/versions/node/v0.12.7/lib/node_modules/npm/node_modules/request/request.js:1207:14)
26 verbose stack     at Request.emit (events.js:129:20)
26 verbose stack     at IncomingMessage.<anonymous> (/usr/local/nvm/versions/node/v0.12.7/lib/node_modules/npm/node_modules/request/request.js:1153:12)
26 verbose stack     at IncomingMessage.emit (events.js:129:20)
26 verbose stack     at _stream_readable.js:908:16
26 verbose stack     at process._tickCallback (node.js:355:11)
27 verbose statusCode 404
28 verbose pkgid bower_installer
29 verbose cwd /home/rakshakhegde/webdev/webtest
30 error Linux 3.16.0-4-amd64
31 error argv "/usr/local/nvm/versions/node/v0.12.7/bin/node" "/usr/local/nvm/versions/node/v0.12.7/bin/npm" "install" "bower_installer"
32 error node v0.12.7
33 error npm  v2.11.3
34 error code E404
35 error 404 Registry returned 404 for GET on https://registry.npmjs.org/bower_installer
35 error 404
35 error 404 'bower_installer' is not in the npm registry.
35 error 404 You should bug the author to publish it (or use the name yourself!)
35 error 404
35 error 404 Note that you can also install from a
35 error 404 tarball, folder, http url, or git url.
36 verbose exit [ 1, true ]
